2023-05-01 23:20:18,818 - INFO - >>> Quoter_Yahoo created
2023-05-01 23:20:18,822 - INFO - >>> Quoter_Webull created
2023-05-01 23:20:18,825 - DEBUG - Starting new HTTPS connection (1): query2.finance.yahoo.com:443
2023-05-01 23:20:19,065 - DEBUG - https://query2.finance.yahoo.com:443 "GET /v8/finance/chart/QQQ?range=5d&interval=1m&includePrePost=True&events=div%2Csplits%2CcapitalGains HTTP/1.1" 200 None
2023-05-01 23:31:56,661 - INFO - >>> Quoter_Yahoo created
2023-05-01 23:31:56,662 - INFO - >>> Quoter_Webull created
2023-05-01 23:31:56,664 - DEBUG - Starting new HTTPS connection (1): query2.finance.yahoo.com:443
2023-05-01 23:31:56,861 - DEBUG - https://query2.finance.yahoo.com:443 "GET /v8/finance/chart/QQQ?range=5d&interval=1m&includePrePost=True&events=div%2Csplits%2CcapitalGains HTTP/1.1" 200 None
2023-05-01 23:31:57,002 - DEBUG - Starting new HTTPS connection (1): query2.finance.yahoo.com:443
2023-05-01 23:31:57,278 - DEBUG - https://query2.finance.yahoo.com:443 "GET /v8/finance/chart/QQQ?range=1mo&interval=2m&includePrePost=True&events=div%2Csplits%2CcapitalGains HTTP/1.1" 200 None
2023-05-01 23:31:57,423 - DEBUG - Starting new HTTPS connection (1): quotes-gw.webullbroker.com:443
2023-05-01 23:31:57,629 - DEBUG - https://quotes-gw.webullbroker.com:443 "GET /api/search/pc/tickers?keyword=QQQ&pageIndex=1&pageSize=20&regionId=6 HTTP/1.1" 200 None
2023-05-01 23:31:57,633 - DEBUG - Starting new HTTPS connection (1): quotes-gw.webullfintech.com:443
2023-05-01 23:31:57,797 - DEBUG - https://quotes-gw.webullfintech.com:443 "GET /api/quote/charts/query?tickerIds=913243249&type=m5&count=1200&timestamp=1682998317&extendTrading=1 HTTP/1.1" 200 None
2023-05-01 23:31:59,077 - DEBUG - Starting new HTTPS connection (1): quotes-gw.webullbroker.com:443
2023-05-01 23:31:59,177 - DEBUG - https://quotes-gw.webullbroker.com:443 "GET /api/search/pc/tickers?keyword=QQQ&pageIndex=1&pageSize=20&regionId=6 HTTP/1.1" 200 None
2023-05-01 23:31:59,182 - DEBUG - Starting new HTTPS connection (1): quotes-gw.webullfintech.com:443
2023-05-01 23:31:59,287 - DEBUG - https://quotes-gw.webullfintech.com:443 "GET /api/quote/charts/query?tickerIds=913243249&type=m15&count=1200&timestamp=1682998319&extendTrading=1 HTTP/1.1" 200 None
2023-05-01 23:32:00,557 - DEBUG - Starting new HTTPS connection (1): quotes-gw.webullbroker.com:443
2023-05-01 23:32:00,610 - DEBUG - https://quotes-gw.webullbroker.com:443 "GET /api/search/pc/tickers?keyword=QQQ&pageIndex=1&pageSize=20&regionId=6 HTTP/1.1" 200 None
2023-05-01 23:32:00,613 - DEBUG - Starting new HTTPS connection (1): quotes-gw.webullfintech.com:443
2023-05-01 23:32:00,752 - DEBUG - https://quotes-gw.webullfintech.com:443 "GET /api/quote/charts/query?tickerIds=913243249&type=m30&count=1049&timestamp=1682998320&extendTrading=1 HTTP/1.1" 200 None
2023-05-01 23:32:01,811 - DEBUG - Starting new HTTPS connection (1): query2.finance.yahoo.com:443
2023-05-01 23:32:01,974 - DEBUG - https://query2.finance.yahoo.com:443 "GET /v8/finance/chart/QQQ?range=1y&interval=1h&includePrePost=True&events=div%2Csplits%2CcapitalGains HTTP/1.1" 200 None
2023-05-01 23:32:02,066 - INFO - >>> Quoter_Yahoo created
2023-05-01 23:32:02,066 - INFO - >>> Quoter_Webull created
2023-05-01 23:32:02,067 - DEBUG - Starting new HTTPS connection (1): query2.finance.yahoo.com:443
2023-05-01 23:32:02,233 - DEBUG - https://query2.finance.yahoo.com:443 "GET /v8/finance/chart/TQQQ?range=5d&interval=1m&includePrePost=True&events=div%2Csplits%2CcapitalGains HTTP/1.1" 200 None
2023-05-01 23:32:02,323 - DEBUG - Starting new HTTPS connection (1): query2.finance.yahoo.com:443
2023-05-01 23:32:02,700 - DEBUG - https://query2.finance.yahoo.com:443 "GET /v8/finance/chart/TQQQ?range=1mo&interval=2m&includePrePost=True&events=div%2Csplits%2CcapitalGains HTTP/1.1" 200 None
2023-05-01 23:32:02,862 - DEBUG - Starting new HTTPS connection (1): quotes-gw.webullbroker.com:443
2023-05-01 23:32:02,951 - DEBUG - https://quotes-gw.webullbroker.com:443 "GET /api/search/pc/tickers?keyword=TQQQ&pageIndex=1&pageSize=20&regionId=6 HTTP/1.1" 200 None
2023-05-01 23:32:02,954 - DEBUG - Starting new HTTPS connection (1): quotes-gw.webullfintech.com:443
2023-05-01 23:32:03,060 - DEBUG - https://quotes-gw.webullfintech.com:443 "GET /api/quote/charts/query?tickerIds=913732468&type=m5&count=1200&timestamp=1682998322&extendTrading=1 HTTP/1.1" 200 None
2023-05-01 23:32:04,311 - DEBUG - Starting new HTTPS connection (1): quotes-gw.webullbroker.com:443
2023-05-01 23:32:04,384 - DEBUG - https://quotes-gw.webullbroker.com:443 "GET /api/search/pc/tickers?keyword=TQQQ&pageIndex=1&pageSize=20&regionId=6 HTTP/1.1" 200 None
2023-05-01 23:32:04,392 - DEBUG - Starting new HTTPS connection (1): quotes-gw.webullfintech.com:443
2023-05-01 23:32:04,531 - DEBUG - https://quotes-gw.webullfintech.com:443 "GET /api/quote/charts/query?tickerIds=913732468&type=m15&count=1200&timestamp=1682998324&extendTrading=1 HTTP/1.1" 200 None
2023-05-01 23:32:05,794 - DEBUG - Starting new HTTPS connection (1): quotes-gw.webullbroker.com:443
2023-05-01 23:32:05,874 - DEBUG - https://quotes-gw.webullbroker.com:443 "GET /api/search/pc/tickers?keyword=TQQQ&pageIndex=1&pageSize=20&regionId=6 HTTP/1.1" 200 None
2023-05-01 23:32:05,878 - DEBUG - Starting new HTTPS connection (1): quotes-gw.webullfintech.com:443
2023-05-01 23:32:06,172 - DEBUG - https://quotes-gw.webullfintech.com:443 "GET /api/quote/charts/query?tickerIds=913732468&type=m30&count=1049&timestamp=1682998325&extendTrading=1 HTTP/1.1" 200 None
2023-05-01 23:32:07,252 - DEBUG - Starting new HTTPS connection (1): query2.finance.yahoo.com:443
2023-05-01 23:32:07,391 - DEBUG - https://query2.finance.yahoo.com:443 "GET /v8/finance/chart/TQQQ?range=1y&interval=1h&includePrePost=True&events=div%2Csplits%2CcapitalGains HTTP/1.1" 200 None
2023-05-01 23:32:07,506 - INFO - >>> Quoter_Yahoo created
2023-05-01 23:32:07,506 - INFO - >>> Quoter_Webull created
2023-05-01 23:32:07,507 - DEBUG - Starting new HTTPS connection (1): query2.finance.yahoo.com:443
2023-05-01 23:32:07,635 - DEBUG - https://query2.finance.yahoo.com:443 "GET /v8/finance/chart/SQQQ?range=5d&interval=1m&includePrePost=True&events=div%2Csplits%2CcapitalGains HTTP/1.1" 200 None
2023-05-01 23:32:07,723 - DEBUG - Starting new HTTPS connection (1): query2.finance.yahoo.com:443
2023-05-01 23:32:07,991 - DEBUG - https://query2.finance.yahoo.com:443 "GET /v8/finance/chart/SQQQ?range=1mo&interval=2m&includePrePost=True&events=div%2Csplits%2CcapitalGains HTTP/1.1" 200 None
2023-05-01 23:32:08,130 - DEBUG - Starting new HTTPS connection (1): quotes-gw.webullbroker.com:443
2023-05-01 23:32:08,214 - DEBUG - https://quotes-gw.webullbroker.com:443 "GET /api/search/pc/tickers?keyword=SQQQ&pageIndex=1&pageSize=20&regionId=6 HTTP/1.1" 200 None
2023-05-01 23:32:08,217 - DEBUG - Starting new HTTPS connection (1): quotes-gw.webullfintech.com:443
2023-05-01 23:32:08,346 - DEBUG - https://quotes-gw.webullfintech.com:443 "GET /api/quote/charts/query?tickerIds=913244796&type=m5&count=1200&timestamp=1682998328&extendTrading=1 HTTP/1.1" 200 None
2023-05-01 23:32:09,810 - DEBUG - Starting new HTTPS connection (1): quotes-gw.webullbroker.com:443
2023-05-01 23:32:09,894 - DEBUG - https://quotes-gw.webullbroker.com:443 "GET /api/search/pc/tickers?keyword=SQQQ&pageIndex=1&pageSize=20&regionId=6 HTTP/1.1" 200 None
2023-05-01 23:32:09,897 - DEBUG - Starting new HTTPS connection (1): quotes-gw.webullfintech.com:443
2023-05-01 23:32:10,004 - DEBUG - https://quotes-gw.webullfintech.com:443 "GET /api/quote/charts/query?tickerIds=913244796&type=m15&count=1200&timestamp=1682998329&extendTrading=1 HTTP/1.1" 200 None
2023-05-01 23:32:11,528 - DEBUG - Starting new HTTPS connection (1): quotes-gw.webullbroker.com:443
2023-05-01 23:32:11,619 - DEBUG - https://quotes-gw.webullbroker.com:443 "GET /api/search/pc/tickers?keyword=SQQQ&pageIndex=1&pageSize=20&regionId=6 HTTP/1.1" 200 None
2023-05-01 23:32:11,626 - DEBUG - Starting new HTTPS connection (1): quotes-gw.webullfintech.com:443
2023-05-01 23:32:11,740 - DEBUG - https://quotes-gw.webullfintech.com:443 "GET /api/quote/charts/query?tickerIds=913244796&type=m30&count=1049&timestamp=1682998331&extendTrading=1 HTTP/1.1" 200 None
2023-05-01 23:32:13,050 - DEBUG - Starting new HTTPS connection (1): query2.finance.yahoo.com:443
2023-05-01 23:32:13,200 - DEBUG - https://query2.finance.yahoo.com:443 "GET /v8/finance/chart/SQQQ?range=1y&interval=1h&includePrePost=True&events=div%2Csplits%2CcapitalGains HTTP/1.1" 200 None
2023-05-01 23:32:13,327 - INFO - >>> Quoter_Yahoo created
2023-05-01 23:32:13,327 - INFO - >>> Quoter_Webull created
2023-05-01 23:32:13,328 - DEBUG - Starting new HTTPS connection (1): query2.finance.yahoo.com:443
2023-05-01 23:32:13,446 - DEBUG - https://query2.finance.yahoo.com:443 "GET /v8/finance/chart/SOXX?range=5d&interval=1m&includePrePost=True&events=div%2Csplits%2CcapitalGains HTTP/1.1" 200 None
2023-05-01 23:32:13,509 - DEBUG - Starting new HTTPS connection (1): query2.finance.yahoo.com:443
2023-05-01 23:32:13,684 - DEBUG - https://query2.finance.yahoo.com:443 "GET /v8/finance/chart/SOXX?range=1mo&interval=2m&includePrePost=True&events=div%2Csplits%2CcapitalGains HTTP/1.1" 200 None
2023-05-01 23:32:13,782 - DEBUG - Starting new HTTPS connection (1): quotes-gw.webullbroker.com:443
2023-05-01 23:32:13,881 - DEBUG - https://quotes-gw.webullbroker.com:443 "GET /api/search/pc/tickers?keyword=SOXX&pageIndex=1&pageSize=20&regionId=6 HTTP/1.1" 200 None
2023-05-01 23:32:13,885 - DEBUG - Starting new HTTPS connection (1): quotes-gw.webullfintech.com:443
2023-05-01 23:32:13,989 - DEBUG - https://quotes-gw.webullfintech.com:443 "GET /api/quote/charts/query?tickerIds=913243175&type=m5&count=1200&timestamp=1682998333&extendTrading=1 HTTP/1.1" 200 None
2023-05-01 23:32:15,270 - DEBUG - Starting new HTTPS connection (1): quotes-gw.webullbroker.com:443
2023-05-01 23:32:15,356 - DEBUG - https://quotes-gw.webullbroker.com:443 "GET /api/search/pc/tickers?keyword=SOXX&pageIndex=1&pageSize=20&regionId=6 HTTP/1.1" 200 None
2023-05-01 23:32:15,359 - DEBUG - Starting new HTTPS connection (1): quotes-gw.webullfintech.com:443
2023-05-01 23:32:15,450 - DEBUG - https://quotes-gw.webullfintech.com:443 "GET /api/quote/charts/query?tickerIds=913243175&type=m15&count=1200&timestamp=1682998335&extendTrading=1 HTTP/1.1" 200 None
2023-05-01 23:32:16,672 - DEBUG - Starting new HTTPS connection (1): quotes-gw.webullbroker.com:443
2023-05-01 23:32:16,728 - DEBUG - https://quotes-gw.webullbroker.com:443 "GET /api/search/pc/tickers?keyword=SOXX&pageIndex=1&pageSize=20&regionId=6 HTTP/1.1" 200 None
2023-05-01 23:32:16,731 - DEBUG - Starting new HTTPS connection (1): quotes-gw.webullfintech.com:443
2023-05-01 23:32:16,817 - DEBUG - https://quotes-gw.webullfintech.com:443 "GET /api/quote/charts/query?tickerIds=913243175&type=m30&count=1049&timestamp=1682998336&extendTrading=1 HTTP/1.1" 200 None
2023-05-01 23:32:17,880 - DEBUG - Starting new HTTPS connection (1): query2.finance.yahoo.com:443
2023-05-01 23:32:18,058 - DEBUG - https://query2.finance.yahoo.com:443 "GET /v8/finance/chart/SOXX?range=1y&interval=1h&includePrePost=True&events=div%2Csplits%2CcapitalGains HTTP/1.1" 200 None
2023-05-01 23:32:18,147 - INFO - >>> Quoter_Yahoo created
2023-05-01 23:32:18,148 - INFO - >>> Quoter_Webull created
2023-05-01 23:32:18,149 - DEBUG - Starting new HTTPS connection (1): query2.finance.yahoo.com:443
2023-05-01 23:32:18,340 - DEBUG - https://query2.finance.yahoo.com:443 "GET /v8/finance/chart/SOXL?range=5d&interval=1m&includePrePost=True&events=div%2Csplits%2CcapitalGains HTTP/1.1" 200 None
2023-05-01 23:32:18,426 - DEBUG - Starting new HTTPS connection (1): query2.finance.yahoo.com:443
2023-05-01 23:32:18,717 - DEBUG - https://query2.finance.yahoo.com:443 "GET /v8/finance/chart/SOXL?range=1mo&interval=2m&includePrePost=True&events=div%2Csplits%2CcapitalGains HTTP/1.1" 200 None
2023-05-01 23:32:18,879 - DEBUG - Starting new HTTPS connection (1): quotes-gw.webullbroker.com:443
2023-05-01 23:32:18,963 - DEBUG - https://quotes-gw.webullbroker.com:443 "GET /api/search/pc/tickers?keyword=SOXL&pageIndex=1&pageSize=20&regionId=6 HTTP/1.1" 200 None
2023-05-01 23:32:18,966 - DEBUG - Starting new HTTPS connection (1): quotes-gw.webullfintech.com:443
2023-05-01 23:32:19,085 - DEBUG - https://quotes-gw.webullfintech.com:443 "GET /api/quote/charts/query?tickerIds=913244722&type=m5&count=1200&timestamp=1682998338&extendTrading=1 HTTP/1.1" 200 None
2023-05-01 23:32:20,314 - DEBUG - Starting new HTTPS connection (1): quotes-gw.webullbroker.com:443
2023-05-01 23:32:20,393 - DEBUG - https://quotes-gw.webullbroker.com:443 "GET /api/search/pc/tickers?keyword=SOXL&pageIndex=1&pageSize=20&regionId=6 HTTP/1.1" 200 None
2023-05-01 23:32:20,396 - DEBUG - Starting new HTTPS connection (1): quotes-gw.webullfintech.com:443
2023-05-01 23:32:20,498 - DEBUG - https://quotes-gw.webullfintech.com:443 "GET /api/quote/charts/query?tickerIds=913244722&type=m15&count=1200&timestamp=1682998340&extendTrading=1 HTTP/1.1" 200 None
2023-05-01 23:32:21,733 - DEBUG - Starting new HTTPS connection (1): quotes-gw.webullbroker.com:443
2023-05-01 23:32:21,794 - DEBUG - https://quotes-gw.webullbroker.com:443 "GET /api/search/pc/tickers?keyword=SOXL&pageIndex=1&pageSize=20&regionId=6 HTTP/1.1" 200 None
2023-05-01 23:32:21,798 - DEBUG - Starting new HTTPS connection (1): quotes-gw.webullfintech.com:443
2023-05-01 23:32:21,898 - DEBUG - https://quotes-gw.webullfintech.com:443 "GET /api/quote/charts/query?tickerIds=913244722&type=m30&count=1049&timestamp=1682998341&extendTrading=1 HTTP/1.1" 200 None
2023-05-01 23:32:22,959 - DEBUG - Starting new HTTPS connection (1): query2.finance.yahoo.com:443
2023-05-01 23:32:23,101 - DEBUG - https://query2.finance.yahoo.com:443 "GET /v8/finance/chart/SOXL?range=1y&interval=1h&includePrePost=True&events=div%2Csplits%2CcapitalGains HTTP/1.1" 200 None
2023-05-01 23:32:23,188 - INFO - >>> Quoter_Yahoo created
2023-05-01 23:32:23,189 - INFO - >>> Quoter_Webull created
2023-05-01 23:32:23,190 - DEBUG - Starting new HTTPS connection (1): query2.finance.yahoo.com:443
2023-05-01 23:32:23,321 - DEBUG - https://query2.finance.yahoo.com:443 "GET /v8/finance/chart/SOXS?range=5d&interval=1m&includePrePost=True&events=div%2Csplits%2CcapitalGains HTTP/1.1" 200 None
2023-05-01 23:32:23,410 - DEBUG - Starting new HTTPS connection (1): query2.finance.yahoo.com:443
2023-05-01 23:32:23,693 - DEBUG - https://query2.finance.yahoo.com:443 "GET /v8/finance/chart/SOXS?range=1mo&interval=2m&includePrePost=True&events=div%2Csplits%2CcapitalGains HTTP/1.1" 200 None
2023-05-01 23:32:23,837 - DEBUG - Starting new HTTPS connection (1): quotes-gw.webullbroker.com:443
2023-05-01 23:32:23,897 - DEBUG - https://quotes-gw.webullbroker.com:443 "GET /api/search/pc/tickers?keyword=SOXS&pageIndex=1&pageSize=20&regionId=6 HTTP/1.1" 200 None
2023-05-01 23:32:23,900 - DEBUG - Starting new HTTPS connection (1): quotes-gw.webullfintech.com:443
2023-05-01 23:32:24,039 - DEBUG - https://quotes-gw.webullfintech.com:443 "GET /api/quote/charts/query?tickerIds=913244725&type=m5&count=1200&timestamp=1682998343&extendTrading=1 HTTP/1.1" 200 None
2023-05-01 23:32:25,289 - DEBUG - Starting new HTTPS connection (1): quotes-gw.webullbroker.com:443
2023-05-01 23:32:25,355 - DEBUG - https://quotes-gw.webullbroker.com:443 "GET /api/search/pc/tickers?keyword=SOXS&pageIndex=1&pageSize=20&regionId=6 HTTP/1.1" 200 None
2023-05-01 23:32:25,358 - DEBUG - Starting new HTTPS connection (1): quotes-gw.webullfintech.com:443
2023-05-01 23:32:25,452 - DEBUG - https://quotes-gw.webullfintech.com:443 "GET /api/quote/charts/query?tickerIds=913244725&type=m15&count=1200&timestamp=1682998345&extendTrading=1 HTTP/1.1" 200 None
2023-05-01 23:32:26,691 - DEBUG - Starting new HTTPS connection (1): quotes-gw.webullbroker.com:443
2023-05-01 23:32:26,746 - DEBUG - https://quotes-gw.webullbroker.com:443 "GET /api/search/pc/tickers?keyword=SOXS&pageIndex=1&pageSize=20&regionId=6 HTTP/1.1" 200 None
2023-05-01 23:32:26,749 - DEBUG - Starting new HTTPS connection (1): quotes-gw.webullfintech.com:443
2023-05-01 23:32:26,856 - DEBUG - https://quotes-gw.webullfintech.com:443 "GET /api/quote/charts/query?tickerIds=913244725&type=m30&count=1049&timestamp=1682998346&extendTrading=1 HTTP/1.1" 200 None
2023-05-01 23:32:27,962 - DEBUG - Starting new HTTPS connection (1): query2.finance.yahoo.com:443
2023-05-01 23:32:28,121 - DEBUG - https://query2.finance.yahoo.com:443 "GET /v8/finance/chart/SOXS?range=1y&interval=1h&includePrePost=True&events=div%2Csplits%2CcapitalGains HTTP/1.1" 200 None
2023-05-01 23:32:28,208 - INFO - >>> Quoter_Yahoo created
2023-05-01 23:32:28,209 - INFO - >>> Quoter_Webull created
2023-05-01 23:32:28,210 - DEBUG - Starting new HTTPS connection (1): query2.finance.yahoo.com:443
2023-05-01 23:32:28,370 - DEBUG - https://query2.finance.yahoo.com:443 "GET /v8/finance/chart/SPY?range=5d&interval=1m&includePrePost=True&events=div%2Csplits%2CcapitalGains HTTP/1.1" 200 None
2023-05-01 23:32:28,459 - DEBUG - Starting new HTTPS connection (1): query2.finance.yahoo.com:443
2023-05-01 23:32:28,793 - DEBUG - https://query2.finance.yahoo.com:443 "GET /v8/finance/chart/SPY?range=1mo&interval=2m&includePrePost=True&events=div%2Csplits%2CcapitalGains HTTP/1.1" 200 None
2023-05-01 23:32:28,938 - DEBUG - Starting new HTTPS connection (1): quotes-gw.webullbroker.com:443
2023-05-01 23:32:29,042 - DEBUG - https://quotes-gw.webullbroker.com:443 "GET /api/search/pc/tickers?keyword=SPY&pageIndex=1&pageSize=20&regionId=6 HTTP/1.1" 200 None
2023-05-01 23:32:29,048 - DEBUG - Starting new HTTPS connection (1): quotes-gw.webullfintech.com:443
2023-05-01 23:32:29,150 - DEBUG - https://quotes-gw.webullfintech.com:443 "GET /api/quote/charts/query?tickerIds=913243251&type=m5&count=1200&timestamp=1682998349&extendTrading=1 HTTP/1.1" 200 None
2023-05-01 23:32:30,333 - DEBUG - Starting new HTTPS connection (1): quotes-gw.webullbroker.com:443
2023-05-01 23:32:30,402 - DEBUG - https://quotes-gw.webullbroker.com:443 "GET /api/search/pc/tickers?keyword=SPY&pageIndex=1&pageSize=20&regionId=6 HTTP/1.1" 200 None
2023-05-01 23:32:30,406 - DEBUG - Starting new HTTPS connection (1): quotes-gw.webullfintech.com:443
2023-05-01 23:32:30,504 - DEBUG - https://quotes-gw.webullfintech.com:443 "GET /api/quote/charts/query?tickerIds=913243251&type=m15&count=1200&timestamp=1682998350&extendTrading=1 HTTP/1.1" 200 None
2023-05-01 23:32:31,737 - DEBUG - Starting new HTTPS connection (1): quotes-gw.webullbroker.com:443
2023-05-01 23:32:31,819 - DEBUG - https://quotes-gw.webullbroker.com:443 "GET /api/search/pc/tickers?keyword=SPY&pageIndex=1&pageSize=20&regionId=6 HTTP/1.1" 200 None
2023-05-01 23:32:31,824 - DEBUG - Starting new HTTPS connection (1): quotes-gw.webullfintech.com:443
2023-05-01 23:32:31,908 - DEBUG - https://quotes-gw.webullfintech.com:443 "GET /api/quote/charts/query?tickerIds=913243251&type=m30&count=1049&timestamp=1682998351&extendTrading=1 HTTP/1.1" 200 None
2023-05-01 23:32:33,042 - DEBUG - Starting new HTTPS connection (1): query2.finance.yahoo.com:443
2023-05-01 23:32:33,179 - DEBUG - https://query2.finance.yahoo.com:443 "GET /v8/finance/chart/SPY?range=1y&interval=1h&includePrePost=True&events=div%2Csplits%2CcapitalGains HTTP/1.1" 200 None
2023-05-01 23:32:33,270 - INFO - >>> Quoter_Yahoo created
2023-05-01 23:32:33,271 - INFO - >>> Quoter_Webull created
2023-05-01 23:32:33,272 - DEBUG - Starting new HTTPS connection (1): query2.finance.yahoo.com:443
2023-05-01 23:32:33,432 - DEBUG - https://query2.finance.yahoo.com:443 "GET /v8/finance/chart/SPXL?range=5d&interval=1m&includePrePost=True&events=div%2Csplits%2CcapitalGains HTTP/1.1" 200 None
2023-05-01 23:32:33,515 - DEBUG - Starting new HTTPS connection (1): query2.finance.yahoo.com:443
2023-05-01 23:32:33,810 - DEBUG - https://query2.finance.yahoo.com:443 "GET /v8/finance/chart/SPXL?range=1mo&interval=2m&includePrePost=True&events=div%2Csplits%2CcapitalGains HTTP/1.1" 200 None
2023-05-01 23:32:33,944 - DEBUG - Starting new HTTPS connection (1): quotes-gw.webullbroker.com:443
2023-05-01 23:32:34,035 - DEBUG - https://quotes-gw.webullbroker.com:443 "GET /api/search/pc/tickers?keyword=SPXL&pageIndex=1&pageSize=20&regionId=6 HTTP/1.1" 200 None
2023-05-01 23:32:34,039 - DEBUG - Starting new HTTPS connection (1): quotes-gw.webullfintech.com:443
2023-05-01 23:32:34,142 - DEBUG - https://quotes-gw.webullfintech.com:443 "GET /api/quote/charts/query?tickerIds=913246633&type=m5&count=1200&timestamp=1682998354&extendTrading=1 HTTP/1.1" 200 None
2023-05-01 23:32:35,405 - DEBUG - Starting new HTTPS connection (1): quotes-gw.webullbroker.com:443
2023-05-01 23:32:35,471 - DEBUG - https://quotes-gw.webullbroker.com:443 "GET /api/search/pc/tickers?keyword=SPXL&pageIndex=1&pageSize=20&regionId=6 HTTP/1.1" 200 None
2023-05-01 23:32:35,474 - DEBUG - Starting new HTTPS connection (1): quotes-gw.webullfintech.com:443
2023-05-01 23:32:35,574 - DEBUG - https://quotes-gw.webullfintech.com:443 "GET /api/quote/charts/query?tickerIds=913246633&type=m15&count=1200&timestamp=1682998355&extendTrading=1 HTTP/1.1" 200 None
2023-05-01 23:32:36,817 - DEBUG - Starting new HTTPS connection (1): quotes-gw.webullbroker.com:443
2023-05-01 23:32:36,879 - DEBUG - https://quotes-gw.webullbroker.com:443 "GET /api/search/pc/tickers?keyword=SPXL&pageIndex=1&pageSize=20&regionId=6 HTTP/1.1" 200 None
2023-05-01 23:32:36,882 - DEBUG - Starting new HTTPS connection (1): quotes-gw.webullfintech.com:443
2023-05-01 23:32:36,958 - DEBUG - https://quotes-gw.webullfintech.com:443 "GET /api/quote/charts/query?tickerIds=913246633&type=m30&count=1049&timestamp=1682998356&extendTrading=1 HTTP/1.1" 200 None
2023-05-01 23:32:38,097 - DEBUG - Starting new HTTPS connection (1): query2.finance.yahoo.com:443
2023-05-01 23:32:38,230 - DEBUG - https://query2.finance.yahoo.com:443 "GET /v8/finance/chart/SPXL?range=1y&interval=1h&includePrePost=True&events=div%2Csplits%2CcapitalGains HTTP/1.1" 200 None
2023-05-01 23:32:38,318 - INFO - >>> Quoter_Yahoo created
2023-05-01 23:32:38,319 - INFO - >>> Quoter_Webull created
2023-05-01 23:32:38,320 - DEBUG - Starting new HTTPS connection (1): query2.finance.yahoo.com:443
2023-05-01 23:32:38,482 - DEBUG - https://query2.finance.yahoo.com:443 "GET /v8/finance/chart/SPXS?range=5d&interval=1m&includePrePost=True&events=div%2Csplits%2CcapitalGains HTTP/1.1" 200 None
2023-05-01 23:32:38,562 - DEBUG - Starting new HTTPS connection (1): query2.finance.yahoo.com:443
2023-05-01 23:32:38,840 - DEBUG - https://query2.finance.yahoo.com:443 "GET /v8/finance/chart/SPXS?range=1mo&interval=2m&includePrePost=True&events=div%2Csplits%2CcapitalGains HTTP/1.1" 200 None
2023-05-01 23:32:38,969 - DEBUG - Starting new HTTPS connection (1): quotes-gw.webullbroker.com:443
2023-05-01 23:32:39,060 - DEBUG - https://quotes-gw.webullbroker.com:443 "GET /api/search/pc/tickers?keyword=SPXS&pageIndex=1&pageSize=20&regionId=6 HTTP/1.1" 200 None
2023-05-01 23:32:39,063 - DEBUG - Starting new HTTPS connection (1): quotes-gw.webullfintech.com:443
2023-05-01 23:32:39,189 - DEBUG - https://quotes-gw.webullfintech.com:443 "GET /api/quote/charts/query?tickerIds=913246631&type=m5&count=1200&timestamp=1682998359&extendTrading=1 HTTP/1.1" 200 None
2023-05-01 23:32:40,439 - DEBUG - Starting new HTTPS connection (1): quotes-gw.webullbroker.com:443
2023-05-01 23:32:40,527 - DEBUG - https://quotes-gw.webullbroker.com:443 "GET /api/search/pc/tickers?keyword=SPXS&pageIndex=1&pageSize=20&regionId=6 HTTP/1.1" 200 None
2023-05-01 23:32:40,530 - DEBUG - Starting new HTTPS connection (1): quotes-gw.webullfintech.com:443
2023-05-01 23:32:40,640 - DEBUG - https://quotes-gw.webullfintech.com:443 "GET /api/quote/charts/query?tickerIds=913246631&type=m15&count=1200&timestamp=1682998360&extendTrading=1 HTTP/1.1" 200 None
2023-05-01 23:32:41,920 - DEBUG - Starting new HTTPS connection (1): quotes-gw.webullbroker.com:443
2023-05-01 23:32:41,977 - DEBUG - https://quotes-gw.webullbroker.com:443 "GET /api/search/pc/tickers?keyword=SPXS&pageIndex=1&pageSize=20&regionId=6 HTTP/1.1" 200 None
2023-05-01 23:32:41,980 - DEBUG - Starting new HTTPS connection (1): quotes-gw.webullfintech.com:443
2023-05-01 23:32:42,067 - DEBUG - https://quotes-gw.webullfintech.com:443 "GET /api/quote/charts/query?tickerIds=913246631&type=m30&count=1049&timestamp=1682998361&extendTrading=1 HTTP/1.1" 200 None
2023-05-01 23:32:43,147 - DEBUG - Starting new HTTPS connection (1): query2.finance.yahoo.com:443
2023-05-01 23:32:43,309 - DEBUG - https://query2.finance.yahoo.com:443 "GET /v8/finance/chart/SPXS?range=1y&interval=1h&includePrePost=True&events=div%2Csplits%2CcapitalGains HTTP/1.1" 200 None
2023-05-01 23:32:43,404 - INFO - >>> Quoter_Yahoo created
2023-05-01 23:32:43,404 - INFO - >>> Quoter_Webull created
2023-05-01 23:32:43,405 - DEBUG - Starting new HTTPS connection (1): query2.finance.yahoo.com:443
2023-05-01 23:32:43,553 - DEBUG - https://query2.finance.yahoo.com:443 "GET /v8/finance/chart/AAPL?range=5d&interval=1m&includePrePost=True&events=div%2Csplits%2CcapitalGains HTTP/1.1" 200 None
2023-05-01 23:32:43,651 - DEBUG - Starting new HTTPS connection (1): query2.finance.yahoo.com:443
2023-05-01 23:32:44,052 - DEBUG - https://query2.finance.yahoo.com:443 "GET /v8/finance/chart/AAPL?range=1mo&interval=2m&includePrePost=True&events=div%2Csplits%2CcapitalGains HTTP/1.1" 200 None
2023-05-01 23:32:44,210 - DEBUG - Starting new HTTPS connection (1): quotes-gw.webullbroker.com:443
2023-05-01 23:32:44,269 - DEBUG - https://quotes-gw.webullbroker.com:443 "GET /api/search/pc/tickers?keyword=AAPL&pageIndex=1&pageSize=20&regionId=6 HTTP/1.1" 200 None
2023-05-01 23:32:44,273 - DEBUG - Starting new HTTPS connection (1): quotes-gw.webullfintech.com:443
2023-05-01 23:32:44,398 - DEBUG - https://quotes-gw.webullfintech.com:443 "GET /api/quote/charts/query?tickerIds=913256135&type=m5&count=1200&timestamp=1682998364&extendTrading=1 HTTP/1.1" 200 None
2023-05-01 23:32:45,667 - DEBUG - Starting new HTTPS connection (1): quotes-gw.webullbroker.com:443
2023-05-01 23:32:45,736 - DEBUG - https://quotes-gw.webullbroker.com:443 "GET /api/search/pc/tickers?keyword=AAPL&pageIndex=1&pageSize=20&regionId=6 HTTP/1.1" 200 None
2023-05-01 23:32:45,739 - DEBUG - Starting new HTTPS connection (1): quotes-gw.webullfintech.com:443
2023-05-01 23:32:45,832 - DEBUG - https://quotes-gw.webullfintech.com:443 "GET /api/quote/charts/query?tickerIds=913256135&type=m15&count=1200&timestamp=1682998365&extendTrading=1 HTTP/1.1" 200 None
2023-05-01 23:32:47,025 - DEBUG - Starting new HTTPS connection (1): quotes-gw.webullbroker.com:443
2023-05-01 23:32:47,081 - DEBUG - https://quotes-gw.webullbroker.com:443 "GET /api/search/pc/tickers?keyword=AAPL&pageIndex=1&pageSize=20&regionId=6 HTTP/1.1" 200 None
2023-05-01 23:32:47,086 - DEBUG - Starting new HTTPS connection (1): quotes-gw.webullfintech.com:443
2023-05-01 23:32:47,224 - DEBUG - https://quotes-gw.webullfintech.com:443 "GET /api/quote/charts/query?tickerIds=913256135&type=m30&count=1049&timestamp=1682998367&extendTrading=1 HTTP/1.1" 200 None
2023-05-01 23:32:48,335 - DEBUG - Starting new HTTPS connection (1): query2.finance.yahoo.com:443
2023-05-01 23:32:48,491 - DEBUG - https://query2.finance.yahoo.com:443 "GET /v8/finance/chart/AAPL?range=1y&interval=1h&includePrePost=True&events=div%2Csplits%2CcapitalGains HTTP/1.1" 200 None
2023-05-01 23:32:48,588 - INFO - >>> Quoter_Yahoo created
2023-05-01 23:32:48,588 - INFO - >>> Quoter_Webull created
2023-05-01 23:32:48,589 - DEBUG - Starting new HTTPS connection (1): query2.finance.yahoo.com:443
2023-05-01 23:32:48,735 - DEBUG - https://query2.finance.yahoo.com:443 "GET /v8/finance/chart/TSLA?range=5d&interval=1m&includePrePost=True&events=div%2Csplits%2CcapitalGains HTTP/1.1" 200 None
2023-05-01 23:32:48,825 - DEBUG - Starting new HTTPS connection (1): query2.finance.yahoo.com:443
2023-05-01 23:32:49,103 - DEBUG - https://query2.finance.yahoo.com:443 "GET /v8/finance/chart/TSLA?range=1mo&interval=2m&includePrePost=True&events=div%2Csplits%2CcapitalGains HTTP/1.1" 200 None
2023-05-01 23:32:49,278 - DEBUG - Starting new HTTPS connection (1): quotes-gw.webullbroker.com:443
2023-05-01 23:32:49,358 - DEBUG - https://quotes-gw.webullbroker.com:443 "GET /api/search/pc/tickers?keyword=TSLA&pageIndex=1&pageSize=20&regionId=6 HTTP/1.1" 200 None
2023-05-01 23:32:49,361 - DEBUG - Starting new HTTPS connection (1): quotes-gw.webullfintech.com:443
2023-05-01 23:32:49,517 - DEBUG - https://quotes-gw.webullfintech.com:443 "GET /api/quote/charts/query?tickerIds=913255598&type=m5&count=1200&timestamp=1682998369&extendTrading=1 HTTP/1.1" 200 None
2023-05-01 23:32:50,812 - DEBUG - Starting new HTTPS connection (1): quotes-gw.webullbroker.com:443
2023-05-01 23:32:50,879 - DEBUG - https://quotes-gw.webullbroker.com:443 "GET /api/search/pc/tickers?keyword=TSLA&pageIndex=1&pageSize=20&regionId=6 HTTP/1.1" 200 None
2023-05-01 23:32:50,882 - DEBUG - Starting new HTTPS connection (1): quotes-gw.webullfintech.com:443
2023-05-01 23:32:51,011 - DEBUG - https://quotes-gw.webullfintech.com:443 "GET /api/quote/charts/query?tickerIds=913255598&type=m15&count=1200&timestamp=1682998370&extendTrading=1 HTTP/1.1" 200 None
2023-05-01 23:32:52,297 - DEBUG - Starting new HTTPS connection (1): quotes-gw.webullbroker.com:443
2023-05-01 23:32:52,362 - DEBUG - https://quotes-gw.webullbroker.com:443 "GET /api/search/pc/tickers?keyword=TSLA&pageIndex=1&pageSize=20&regionId=6 HTTP/1.1" 200 None
2023-05-01 23:32:52,366 - DEBUG - Starting new HTTPS connection (1): quotes-gw.webullfintech.com:443
2023-05-01 23:32:52,442 - DEBUG - https://quotes-gw.webullfintech.com:443 "GET /api/quote/charts/query?tickerIds=913255598&type=m30&count=1049&timestamp=1682998372&extendTrading=1 HTTP/1.1" 200 None
2023-05-01 23:32:53,514 - DEBUG - Starting new HTTPS connection (1): query2.finance.yahoo.com:443
2023-05-01 23:32:53,703 - DEBUG - https://query2.finance.yahoo.com:443 "GET /v8/finance/chart/TSLA?range=1y&interval=1h&includePrePost=True&events=div%2Csplits%2CcapitalGains HTTP/1.1" 200 None
2023-05-01 23:32:53,849 - INFO - >>> Quoter_Yahoo created
2023-05-01 23:32:53,850 - INFO - >>> Quoter_Webull created
2023-05-01 23:32:53,851 - DEBUG - Starting new HTTPS connection (1): query2.finance.yahoo.com:443
2023-05-01 23:32:53,978 - DEBUG - https://query2.finance.yahoo.com:443 "GET /v8/finance/chart/TSLL?range=5d&interval=1m&includePrePost=True&events=div%2Csplits%2CcapitalGains HTTP/1.1" 200 None
2023-05-01 23:32:54,062 - DEBUG - Starting new HTTPS connection (1): query2.finance.yahoo.com:443
2023-05-01 23:32:54,325 - DEBUG - https://query2.finance.yahoo.com:443 "GET /v8/finance/chart/TSLL?range=1mo&interval=2m&includePrePost=True&events=div%2Csplits%2CcapitalGains HTTP/1.1" 200 None
2023-05-01 23:32:54,458 - DEBUG - Starting new HTTPS connection (1): quotes-gw.webullbroker.com:443
2023-05-01 23:32:54,540 - DEBUG - https://quotes-gw.webullbroker.com:443 "GET /api/search/pc/tickers?keyword=TSLL&pageIndex=1&pageSize=20&regionId=6 HTTP/1.1" 200 None
2023-05-01 23:32:54,547 - DEBUG - Starting new HTTPS connection (1): quotes-gw.webullfintech.com:443
2023-05-01 23:32:54,658 - DEBUG - https://quotes-gw.webullfintech.com:443 "GET /api/quote/charts/query?tickerIds=950982581&type=m5&count=1200&timestamp=1682998374&extendTrading=1 HTTP/1.1" 200 None
2023-05-01 23:32:55,957 - DEBUG - Starting new HTTPS connection (1): quotes-gw.webullbroker.com:443
2023-05-01 23:32:56,015 - DEBUG - https://quotes-gw.webullbroker.com:443 "GET /api/search/pc/tickers?keyword=TSLL&pageIndex=1&pageSize=20&regionId=6 HTTP/1.1" 200 None
2023-05-01 23:32:56,017 - DEBUG - Starting new HTTPS connection (1): quotes-gw.webullfintech.com:443
2023-05-01 23:32:56,227 - DEBUG - https://quotes-gw.webullfintech.com:443 "GET /api/quote/charts/query?tickerIds=950982581&type=m15&count=1200&timestamp=1682998376&extendTrading=1 HTTP/1.1" 200 None
2023-05-01 23:32:57,447 - DEBUG - Starting new HTTPS connection (1): quotes-gw.webullbroker.com:443
2023-05-01 23:32:57,875 - DEBUG - https://quotes-gw.webullbroker.com:443 "GET /api/search/pc/tickers?keyword=TSLL&pageIndex=1&pageSize=20&regionId=6 HTTP/1.1" 200 None
2023-05-01 23:32:57,878 - DEBUG - Starting new HTTPS connection (1): quotes-gw.webullfintech.com:443
2023-05-01 23:32:57,967 - DEBUG - https://quotes-gw.webullfintech.com:443 "GET /api/quote/charts/query?tickerIds=950982581&type=m30&count=1049&timestamp=1682998377&extendTrading=1 HTTP/1.1" 200 None
2023-05-01 23:32:59,017 - DEBUG - Starting new HTTPS connection (1): query2.finance.yahoo.com:443
2023-05-01 23:32:59,177 - DEBUG - https://query2.finance.yahoo.com:443 "GET /v8/finance/chart/TSLL?range=1y&interval=1h&includePrePost=True&events=div%2Csplits%2CcapitalGains HTTP/1.1" 200 None
2023-05-01 23:32:59,256 - INFO - >>> Quoter_Yahoo created
2023-05-01 23:32:59,256 - INFO - >>> Quoter_Webull created
2023-05-01 23:32:59,258 - DEBUG - Starting new HTTPS connection (1): query2.finance.yahoo.com:443
2023-05-01 23:32:59,329 - DEBUG - https://query2.finance.yahoo.com:443 "GET /v8/finance/chart/SPX?range=5d&interval=1m&includePrePost=True&events=div%2Csplits%2CcapitalGains HTTP/1.1" 200 695
2023-05-01 23:32:59,335 - DEBUG - Starting new HTTPS connection (1): query2.finance.yahoo.com:443
2023-05-01 23:32:59,392 - DEBUG - https://query2.finance.yahoo.com:443 "GET /v8/finance/chart/SPX?range=1mo&interval=2m&includePrePost=True&events=div%2Csplits%2CcapitalGains HTTP/1.1" 200 696
2023-05-01 23:32:59,397 - DEBUG - Starting new HTTPS connection (1): quotes-gw.webullbroker.com:443
2023-05-01 23:32:59,442 - DEBUG - https://quotes-gw.webullbroker.com:443 "GET /api/search/pc/tickers?keyword=SPX&pageIndex=1&pageSize=20&regionId=6 HTTP/1.1" 200 None
2023-05-01 23:32:59,445 - DEBUG - Starting new HTTPS connection (1): quotes-gw.webullfintech.com:443
2023-05-01 23:32:59,538 - DEBUG - https://quotes-gw.webullfintech.com:443 "GET /api/quote/charts/query?tickerIds=913354362&type=m5&count=1200&timestamp=1682998379&extendTrading=1 HTTP/1.1" 200 None
2023-05-01 23:33:00,918 - DEBUG - Starting new HTTPS connection (1): quotes-gw.webullbroker.com:443
2023-05-01 23:33:00,969 - DEBUG - https://quotes-gw.webullbroker.com:443 "GET /api/search/pc/tickers?keyword=SPX&pageIndex=1&pageSize=20&regionId=6 HTTP/1.1" 200 None
2023-05-01 23:33:00,972 - DEBUG - Starting new HTTPS connection (1): quotes-gw.webullfintech.com:443
2023-05-01 23:33:01,077 - DEBUG - https://quotes-gw.webullfintech.com:443 "GET /api/quote/charts/query?tickerIds=913354362&type=m15&count=1200&timestamp=1682998380&extendTrading=1 HTTP/1.1" 200 None
2023-05-01 23:33:02,355 - DEBUG - Starting new HTTPS connection (1): quotes-gw.webullbroker.com:443
2023-05-01 23:33:02,412 - DEBUG - https://quotes-gw.webullbroker.com:443 "GET /api/search/pc/tickers?keyword=SPX&pageIndex=1&pageSize=20&regionId=6 HTTP/1.1" 200 None
2023-05-01 23:33:02,415 - DEBUG - Starting new HTTPS connection (1): quotes-gw.webullfintech.com:443
2023-05-01 23:33:02,515 - DEBUG - https://quotes-gw.webullfintech.com:443 "GET /api/quote/charts/query?tickerIds=913354362&type=m30&count=1049&timestamp=1682998382&extendTrading=1 HTTP/1.1" 200 None
2023-05-01 23:33:03,591 - DEBUG - Starting new HTTPS connection (1): query2.finance.yahoo.com:443
2023-05-01 23:33:03,668 - DEBUG - https://query2.finance.yahoo.com:443 "GET /v8/finance/chart/SPX?range=1y&interval=1h&includePrePost=True&events=div%2Csplits%2CcapitalGains HTTP/1.1" 200 695
2023-05-01 23:33:03,672 - INFO - >>> Quoter_Yahoo created
2023-05-01 23:33:03,672 - INFO - >>> Quoter_Webull created
2023-05-01 23:33:03,673 - DEBUG - Starting new HTTPS connection (1): query2.finance.yahoo.com:443
2023-05-01 23:33:03,763 - DEBUG - https://query2.finance.yahoo.com:443 "GET /v8/finance/chart/NDX?range=5d&interval=1m&includePrePost=True&events=div%2Csplits%2CcapitalGains HTTP/1.1" 200 1311
2023-05-01 23:33:03,775 - DEBUG - Starting new HTTPS connection (1): query2.finance.yahoo.com:443
2023-05-01 23:33:03,837 - DEBUG - https://query2.finance.yahoo.com:443 "GET /v8/finance/chart/NDX?range=1mo&interval=2m&includePrePost=True&events=div%2Csplits%2CcapitalGains HTTP/1.1" 200 1075
2023-05-01 23:33:03,847 - DEBUG - Starting new HTTPS connection (1): quotes-gw.webullbroker.com:443
2023-05-01 23:33:03,919 - DEBUG - https://quotes-gw.webullbroker.com:443 "GET /api/search/pc/tickers?keyword=NDX&pageIndex=1&pageSize=20&regionId=6 HTTP/1.1" 200 None
2023-05-01 23:33:03,922 - DEBUG - Starting new HTTPS connection (1): quotes-gw.webullfintech.com:443
2023-05-01 23:33:04,035 - DEBUG - https://quotes-gw.webullfintech.com:443 "GET /api/quote/charts/query?tickerIds=913354088&type=m5&count=1200&timestamp=1682998383&extendTrading=1 HTTP/1.1" 200 None
2023-05-01 23:33:05,941 - DEBUG - Starting new HTTPS connection (1): quotes-gw.webullbroker.com:443
2023-05-01 23:33:05,997 - DEBUG - https://quotes-gw.webullbroker.com:443 "GET /api/search/pc/tickers?keyword=NDX&pageIndex=1&pageSize=20&regionId=6 HTTP/1.1" 200 None
2023-05-01 23:33:06,000 - DEBUG - Starting new HTTPS connection (1): quotes-gw.webullfintech.com:443
2023-05-01 23:33:06,110 - DEBUG - https://quotes-gw.webullfintech.com:443 "GET /api/quote/charts/query?tickerIds=913354088&type=m15&count=1200&timestamp=1682998385&extendTrading=1 HTTP/1.1" 200 None
2023-05-01 23:33:07,347 - DEBUG - Starting new HTTPS connection (1): quotes-gw.webullbroker.com:443
2023-05-01 23:33:07,423 - DEBUG - https://quotes-gw.webullbroker.com:443 "GET /api/search/pc/tickers?keyword=NDX&pageIndex=1&pageSize=20&regionId=6 HTTP/1.1" 200 None
2023-05-01 23:33:07,427 - DEBUG - Starting new HTTPS connection (1): quotes-gw.webullfintech.com:443
2023-05-01 23:33:07,544 - DEBUG - https://quotes-gw.webullfintech.com:443 "GET /api/quote/charts/query?tickerIds=913354088&type=m30&count=1049&timestamp=1682998387&extendTrading=1 HTTP/1.1" 200 None
2023-05-01 23:33:08,666 - DEBUG - Starting new HTTPS connection (1): query2.finance.yahoo.com:443
2023-05-01 23:33:08,753 - DEBUG - https://query2.finance.yahoo.com:443 "GET /v8/finance/chart/NDX?range=1y&interval=1h&includePrePost=True&events=div%2Csplits%2CcapitalGains HTTP/1.1" 200 None
2023-05-01 23:48:51,037 - INFO - >>> Quoter_Yahoo created
2023-05-01 23:48:51,038 - INFO - >>> Quoter_Webull created
2023-05-01 23:48:51,041 - DEBUG - Starting new HTTPS connection (1): query2.finance.yahoo.com:443
2023-05-01 23:48:51,236 - DEBUG - https://query2.finance.yahoo.com:443 "GET /v8/finance/chart/QQQ?range=5d&interval=1m&includePrePost=True&events=div%2Csplits%2CcapitalGains HTTP/1.1" 200 None
2023-05-01 23:48:51,379 - DEBUG - Starting new HTTPS connection (1): query2.finance.yahoo.com:443
2023-05-01 23:48:51,763 - DEBUG - https://query2.finance.yahoo.com:443 "GET /v8/finance/chart/QQQ?range=1mo&interval=2m&includePrePost=True&events=div%2Csplits%2CcapitalGains HTTP/1.1" 200 None
2023-05-01 23:48:51,944 - DEBUG - Starting new HTTPS connection (1): quotes-gw.webullbroker.com:443
2023-05-01 23:48:52,202 - DEBUG - https://quotes-gw.webullbroker.com:443 "GET /api/search/pc/tickers?keyword=QQQ&pageIndex=1&pageSize=20&regionId=6 HTTP/1.1" 200 None
2023-05-01 23:48:52,205 - DEBUG - Starting new HTTPS connection (1): quotes-gw.webullfintech.com:443
2023-05-01 23:48:52,399 - DEBUG - https://quotes-gw.webullfintech.com:443 "GET /api/quote/charts/query?tickerIds=913243249&type=m5&count=1200&timestamp=1682999332&extendTrading=1 HTTP/1.1" 200 None
2023-05-01 23:48:53,686 - DEBUG - Starting new HTTPS connection (1): quotes-gw.webullbroker.com:443
2023-05-01 23:48:53,762 - DEBUG - https://quotes-gw.webullbroker.com:443 "GET /api/search/pc/tickers?keyword=QQQ&pageIndex=1&pageSize=20&regionId=6 HTTP/1.1" 200 None
2023-05-01 23:48:53,768 - DEBUG - Starting new HTTPS connection (1): quotes-gw.webullfintech.com:443
2023-05-01 23:48:53,868 - DEBUG - https://quotes-gw.webullfintech.com:443 "GET /api/quote/charts/query?tickerIds=913243249&type=m15&count=1200&timestamp=1682999333&extendTrading=1 HTTP/1.1" 200 None
2023-05-01 23:48:55,148 - DEBUG - Starting new HTTPS connection (1): quotes-gw.webullbroker.com:443
2023-05-01 23:48:55,209 - DEBUG - https://quotes-gw.webullbroker.com:443 "GET /api/search/pc/tickers?keyword=QQQ&pageIndex=1&pageSize=20&regionId=6 HTTP/1.1" 200 None
2023-05-01 23:48:55,219 - DEBUG - Starting new HTTPS connection (1): quotes-gw.webullfintech.com:443
2023-05-01 23:48:55,328 - DEBUG - https://quotes-gw.webullfintech.com:443 "GET /api/quote/charts/query?tickerIds=913243249&type=m30&count=1049&timestamp=1682999335&extendTrading=1 HTTP/1.1" 200 None
2023-05-01 23:48:56,472 - DEBUG - Starting new HTTPS connection (1): query2.finance.yahoo.com:443
2023-05-01 23:48:56,631 - DEBUG - https://query2.finance.yahoo.com:443 "GET /v8/finance/chart/QQQ?range=1y&interval=1h&includePrePost=True&events=div%2Csplits%2CcapitalGains HTTP/1.1" 200 None
2023-05-01 23:48:56,721 - DEBUG - Starting new HTTPS connection (1): query2.finance.yahoo.com:443
2023-05-01 23:48:56,853 - DEBUG - https://query2.finance.yahoo.com:443 "GET /v8/finance/chart/QQQ?range=1y&interval=1h&includePrePost=True&events=div%2Csplits%2CcapitalGains HTTP/1.1" 200 None
2023-05-01 23:48:56,912 - DEBUG - Starting new HTTPS connection (1): query2.finance.yahoo.com:443
2023-05-01 23:48:57,011 - DEBUG - https://query2.finance.yahoo.com:443 "GET /v8/finance/chart/QQQ?range=10y&interval=1d&includePrePost=False&events=div%2Csplits%2CcapitalGains HTTP/1.1" 200 None
